q:\documents\workspace\pathogen\debug\vc120.pdb
q:\documents\workspace\pathogen\debug\vc120.idb
q:\documents\workspace\pathogen\debug\gamestate.obj
q:\documents\workspace\pathogen\debug\hero.obj
q:\documents\workspace\pathogen\debug\herophysicalcomponent.obj
q:\documents\workspace\pathogen\debug\ingamestate.obj
q:\documents\workspace\pathogen\debug\level.obj
q:\documents\workspace\pathogen\debug\renderablecomponent.obj
q:\documents\workspace\pathogen\debug\myengine.obj
q:\documents\workspace\pathogen\debug\light.obj
q:\documents\workspace\pathogen\debug\material.obj
q:\documents\workspace\pathogen\debug\objloader.obj
q:\documents\workspace\pathogen\debug\main.obj
q:\documents\workspace\pathogen\debug\physicalcomponent.obj
q:\documents\workspace\pathogen\debug\physicalengine.obj
q:\documents\workspace\pathogen\debug\renderer.obj
q:\documents\workspace\pathogen\debug\shader.obj
q:\documents\workspace\pathogen\debug\program.obj
q:\documents\workspace\pathogen\debug\shadersinc.obj
q:\documents\workspace\pathogen\debug\stdafx.obj
q:\documents\workspace\pathogen\debug\tgaloader.obj
q:\documents\workspace\pathogen\debug\vbo.obj
q:\documents\workspace\pathogen\debug\cursor.obj
q:\documents\workspace\pathogen\debug\gameobject.obj
q:\documents\workspace\pathogen\debug\3dprojectbase.ilk
q:\documents\workspace\pathogen\debug\3dprojectbase.exe
q:\documents\workspace\pathogen\debug\3dprojectbase.pdb
q:\documents\workspace\pathogen\debug\objreader.res
q:\documents\workspace\pathogen\debug\3dprojectbase.tlog\cl.command.1.tlog
q:\documents\workspace\pathogen\debug\3dprojectbase.tlog\cl.read.1.tlog
q:\documents\workspace\pathogen\debug\3dprojectbase.tlog\cl.write.1.tlog
q:\documents\workspace\pathogen\debug\3dprojectbase.tlog\link.command.1.tlog
q:\documents\workspace\pathogen\debug\3dprojectbase.tlog\link.read.1.tlog
q:\documents\workspace\pathogen\debug\3dprojectbase.tlog\link.write.1.tlog
q:\documents\workspace\pathogen\debug\3dprojectbase.tlog\rc.command.1.tlog
q:\documents\workspace\pathogen\debug\3dprojectbase.tlog\rc.read.1.tlog
q:\documents\workspace\pathogen\debug\3dprojectbase.tlog\rc.write.1.tlog
