La génération a démarré 15/01/2014 22:54:03.
     1>Projet "Q:\DOCUMENTS\Workspace\Pathogen\3DProjectBase.vcxproj" sur le nœud 2 (Build cible(s)).
     1>ClCompile:
         I:\Program Files (x86)\Microsoft Visual Studio 12.0\VC\bin\CL.exe /c /I./TinyXml /I./shadersApi /I./gl /I. /Igl /IShadersApi /ZI /nologo /W0 /WX- /Od /Oy- /D WIN32 /D _DEBUG /D _WINDOWS /D _CRT_SECURE_NO_WARNINGS /D _MBCS /Gm /EHsc /RTC1 /MTd /GS /fp:precise /Zc:wchar_t /Zc:forScope /Fo"Debug\\" /Fd"Debug\vc120.pdb" /Gd /TP /analyze- /errorReport:prompt AttachableEnemy.cpp AttachablePhysicalComponent.cpp Bacteria.cpp BacteriaWaste.cpp BacteriaWastePhysicalComponent.cpp BriefingState.cpp Cancer.cpp CancerPhysicalComponent.cpp Cell.cpp CellPhysicalComponent.cpp CellRenderableComponent.cpp Cursor.cpp DebriefingState.cpp Enemy.cpp Explosion.cpp ExplosionParticle.cpp GameEngine.cpp GameObject.cpp GameOverState.cpp GameState.cpp Grid.cpp HelpState.cpp Hero.cpp HeroPhysicalComponent.cpp HomingPhysicalComponent.cpp InGameState.cpp Level.cpp LightingGameObject.cpp Lymphocyte.cpp MainMenuState.cpp Monocyte.cpp Neutrophile.cpp Particle.cpp ParticleSystem.cpp Projectile.cpp ProjectilePhysicalComponent.cpp RenderableComponent.cpp MyEngine.cpp Light.cpp Material.cpp OBJLoader.cpp Main.cpp PhysicalComponent.cpp PhysicalEngine.cpp Renderer.cpp ReplicableGameObject.cpp SelfMovingPhysicalComponent.cpp ShadersApi\Shader.cpp ShadersApi\Program.cpp ShadersApi\ShadersInc.cpp SoundEngine.cpp SoundSource.cpp SpawnLine.cpp SpawnPool.cpp stdafx.cpp TGALoader.cpp Thread.cpp Timer.cpp TinyXml\tinystr.cpp TinyXml\tinyxml.cpp TinyXml\tinyxmlerror.cpp TinyXml\tinyxmlparser.cpp UpdaterThread.cpp VBO.cpp Virus.cpp VirusPhysicalComponent.cpp
         VirusPhysicalComponent.cpp
         Virus.cpp
         VBO.cpp
         UpdaterThread.cpp
         tinyxmlparser.cpp
         tinyxmlerror.cpp
         tinyxml.cpp
         tinystr.cpp
         Timer.cpp
         Thread.cpp
         TGALoader.cpp
         stdafx.cpp
         SpawnPool.cpp
         SpawnLine.cpp
         SoundSource.cpp
         SoundEngine.cpp
         ShadersInc.cpp
         Program.cpp
         Shader.cpp
         SelfMovingPhysicalComponent.cpp
         Génération de code en cours...
         Compilation en cours...
         ReplicableGameObject.cpp
         Renderer.cpp
         PhysicalEngine.cpp
         PhysicalComponent.cpp
         Main.cpp
         OBJLoader.cpp
         Material.cpp
         Light.cpp
         MyEngine.cpp
         RenderableComponent.cpp
         ProjectilePhysicalComponent.cpp
         Projectile.cpp
         ParticleSystem.cpp
         Particle.cpp
         Neutrophile.cpp
         Monocyte.cpp
         MainMenuState.cpp
         Lymphocyte.cpp
         LightingGameObject.cpp
         Level.cpp
         Génération de code en cours...
         Compilation en cours...
         InGameState.cpp
         HomingPhysicalComponent.cpp
         HeroPhysicalComponent.cpp
         Hero.cpp
         HelpState.cpp
         Grid.cpp
         GameState.cpp
         GameOverState.cpp
         GameObject.cpp
         GameEngine.cpp
         ExplosionParticle.cpp
         Explosion.cpp
         Enemy.cpp
         DebriefingState.cpp
         Cursor.cpp
         CellRenderableComponent.cpp
         CellPhysicalComponent.cpp
         Cell.cpp
         CancerPhysicalComponent.cpp
         Cancer.cpp
         Génération de code en cours...
         Compilation en cours...
         BriefingState.cpp
         BacteriaWastePhysicalComponent.cpp
         BacteriaWaste.cpp
         Bacteria.cpp
         AttachablePhysicalComponent.cpp
         AttachableEnemy.cpp
         Génération de code en cours...
       ResourceCompile:
         L:\Program Files (x86)\Windows Kits\8.1\bin\x86\rc.exe /l"0x0409" /nologo /fo"Debug\OBJReader.res" OBJReader.rc 
       Link:
         I:\Program Files (x86)\Microsoft Visual Studio 12.0\VC\bin\link.exe /ERRORREPORT:PROMPT /OUT:"Q:\DOCUMENTS\Workspace\Pathogen\Debug\Pathogen.exe" /INCREMENTAL /NOLOGO /LIBPATH:. /LIBPATH:.. opengl32.lib glu32.lib winmm.lib pthreadVCE2.lib kernel32.lib user32.lib gdi32.lib winspool.lib comdlg32.lib advapi32.lib shell32.lib ole32.lib oleaut32.lib uuid.lib odbc32.lib odbccp32.lib "libsndfile-1.lib" libOpenAL32.dll.a /MANIFEST /MANIFESTUAC:"level='asInvoker' uiAccess='false'" /manifest:embed /DEBUG /PDB:"Q:\DOCUMENTS\Workspace\Pathogen\Debug\Pathogen.pdb" /SUBSYSTEM:WINDOWS /TLBID:1 /DYNAMICBASE /NXCOMPAT /IMPLIB:"Q:\DOCUMENTS\Workspace\Pathogen\Debug\Pathogen.lib" /MACHINE:X86 /SAFESEH Debug\OBJReader.res
         Debug\AttachableEnemy.obj
         Debug\AttachablePhysicalComponent.obj
         Debug\Bacteria.obj
         Debug\BacteriaWaste.obj
         Debug\BacteriaWastePhysicalComponent.obj
         Debug\BriefingState.obj
         Debug\Cancer.obj
         Debug\CancerPhysicalComponent.obj
         Debug\Cell.obj
         Debug\CellPhysicalComponent.obj
         Debug\CellRenderableComponent.obj
         Debug\Cursor.obj
         Debug\DebriefingState.obj
         Debug\Enemy.obj
         Debug\Explosion.obj
         Debug\ExplosionParticle.obj
         Debug\GameEngine.obj
         Debug\GameObject.obj
         Debug\GameOverState.obj
         Debug\GameState.obj
         Debug\Grid.obj
         Debug\HelpState.obj
         Debug\Hero.obj
         Debug\HeroPhysicalComponent.obj
         Debug\HomingPhysicalComponent.obj
         Debug\InGameState.obj
         Debug\Level.obj
         Debug\LightingGameObject.obj
         Debug\Lymphocyte.obj
         Debug\MainMenuState.obj
         Debug\Monocyte.obj
         Debug\Neutrophile.obj
         Debug\Particle.obj
         Debug\ParticleSystem.obj
         Debug\Projectile.obj
         Debug\ProjectilePhysicalComponent.obj
         Debug\RenderableComponent.obj
         Debug\MyEngine.obj
         Debug\Light.obj
         Debug\Material.obj
         Debug\OBJLoader.obj
         Debug\Main.obj
         Debug\PhysicalComponent.obj
         Debug\PhysicalEngine.obj
         Debug\Renderer.obj
         Debug\ReplicableGameObject.obj
         Debug\SelfMovingPhysicalComponent.obj
         Debug\Shader.obj
         Debug\Program.obj
         Debug\ShadersInc.obj
         Debug\SoundEngine.obj
         Debug\SoundSource.obj
         Debug\SpawnLine.obj
         Debug\SpawnPool.obj
         Debug\stdafx.obj
         Debug\TGALoader.obj
         Debug\Thread.obj
         Debug\Timer.obj
         Debug\tinystr.obj
         Debug\tinyxml.obj
         Debug\tinyxmlerror.obj
         Debug\tinyxmlparser.obj
         Debug\UpdaterThread.obj
         Debug\VBO.obj
         Debug\Virus.obj
         Debug\VirusPhysicalComponent.obj
     1>AttachableEnemy.obj : warning LNK4075: ' /EDITANDCONTINUE' ignoré à cause de la spécification '/SAFESEH'
         3DProjectBase.vcxproj -> Q:\DOCUMENTS\Workspace\Pathogen\Debug\Pathogen.exe
     1>Génération du projet "Q:\DOCUMENTS\Workspace\Pathogen\3DProjectBase.vcxproj" terminée (Build cible(s)).

La génération a réussi.

Temps écoulé 00:01:04.12
