q:\documents\workspace\pathogen\debug\vc120.pdb
q:\documents\workspace\pathogen\debug\vc120.idb
q:\documents\workspace\pathogen\debug\selfmovingphysicalcomponent.obj
q:\documents\workspace\pathogen\debug\shadersinc.obj
q:\documents\workspace\pathogen\debug\soundsource.obj
q:\documents\workspace\pathogen\debug\spawnline.obj
q:\documents\workspace\pathogen\debug\stdafx.obj
q:\documents\workspace\pathogen\debug\tgaloader.obj
q:\documents\workspace\pathogen\debug\thread.obj
q:\documents\workspace\pathogen\debug\timer.obj
q:\documents\workspace\pathogen\debug\tinystr.obj
q:\documents\workspace\pathogen\debug\tinyxml.obj
q:\documents\workspace\pathogen\debug\tinyxmlerror.obj
q:\documents\workspace\pathogen\debug\tinyxmlparser.obj
q:\documents\workspace\pathogen\debug\updaterthread.obj
q:\documents\workspace\pathogen\debug\vbo.obj
q:\documents\workspace\pathogen\debug\renderablecomponent.obj
q:\documents\workspace\pathogen\debug\light.obj
q:\documents\workspace\pathogen\debug\material.obj
q:\documents\workspace\pathogen\debug\objloader.obj
q:\documents\workspace\pathogen\debug\physicalcomponent.obj
q:\documents\workspace\pathogen\debug\cancerphysicalcomponent.obj
q:\documents\workspace\pathogen\debug\cellphysicalcomponent.obj
q:\documents\workspace\pathogen\debug\cellrenderablecomponent.obj
q:\documents\workspace\pathogen\debug\cursor.obj
q:\documents\workspace\pathogen\debug\enemy.obj
q:\documents\workspace\pathogen\debug\explosionparticle.obj
q:\documents\workspace\pathogen\debug\grid.obj
q:\documents\workspace\pathogen\debug\herophysicalcomponent.obj
q:\documents\workspace\pathogen\debug\homingphysicalcomponent.obj
q:\documents\workspace\pathogen\debug\attachablephysicalcomponent.obj
q:\documents\workspace\pathogen\debug\bacteriawastephysicalcomponent.obj
q:\documents\workspace\pathogen\debug\pathogen.tlog\cl.command.1.tlog
q:\documents\workspace\pathogen\debug\pathogen.tlog\cl.read.1.tlog
q:\documents\workspace\pathogen\debug\pathogen.tlog\cl.write.1.tlog
