c:\users\olivier\documents\github\pathogen\release\vc120.pdb
c:\users\olivier\documents\github\pathogen\release\gamestate.obj
c:\users\olivier\documents\github\pathogen\release\gameobject.obj
c:\users\olivier\documents\github\pathogen\release\gameengine.obj
c:\users\olivier\documents\github\pathogen\release\explosionparticle.obj
c:\users\olivier\documents\github\pathogen\release\explosion.obj
c:\users\olivier\documents\github\pathogen\release\enemy.obj
c:\users\olivier\documents\github\pathogen\release\debriefingstate.obj
c:\users\olivier\documents\github\pathogen\release\cursor.obj
c:\users\olivier\documents\github\pathogen\release\cellrenderablecomponent.obj
c:\users\olivier\documents\github\pathogen\release\cellphysicalcomponent.obj
c:\users\olivier\documents\github\pathogen\release\cell.obj
c:\users\olivier\documents\github\pathogen\release\cancerphysicalcomponent.obj
c:\users\olivier\documents\github\pathogen\release\cancer.obj
c:\users\olivier\documents\github\pathogen\release\briefingstate.obj
c:\users\olivier\documents\github\pathogen\release\bacteriawastephysicalcomponent.obj
c:\users\olivier\documents\github\pathogen\release\bacteriawaste.obj
c:\users\olivier\documents\github\pathogen\release\bacteria.obj
c:\users\olivier\documents\github\pathogen\release\attachablephysicalcomponent.obj
c:\users\olivier\documents\github\pathogen\release\attachableenemy.obj
c:\users\olivier\documents\github\pathogen\release\objloader.obj
c:\users\olivier\documents\github\pathogen\release\material.obj
c:\users\olivier\documents\github\pathogen\release\light.obj
c:\users\olivier\documents\github\pathogen\release\myengine.obj
c:\users\olivier\documents\github\pathogen\release\renderablecomponent.obj
c:\users\olivier\documents\github\pathogen\release\projectilephysicalcomponent.obj
c:\users\olivier\documents\github\pathogen\release\projectile.obj
c:\users\olivier\documents\github\pathogen\release\particlesystem.obj
c:\users\olivier\documents\github\pathogen\release\particle.obj
c:\users\olivier\documents\github\pathogen\release\neutrophile.obj
c:\users\olivier\documents\github\pathogen\release\monocyte.obj
c:\users\olivier\documents\github\pathogen\release\mainmenustate.obj
c:\users\olivier\documents\github\pathogen\release\lymphocyte.obj
c:\users\olivier\documents\github\pathogen\release\lightinggameobject.obj
c:\users\olivier\documents\github\pathogen\release\level.obj
c:\users\olivier\documents\github\pathogen\release\ingamestate.obj
c:\users\olivier\documents\github\pathogen\release\homingphysicalcomponent.obj
c:\users\olivier\documents\github\pathogen\release\herophysicalcomponent.obj
c:\users\olivier\documents\github\pathogen\release\hero.obj
c:\users\olivier\documents\github\pathogen\release\grid.obj
c:\users\olivier\documents\github\pathogen\release\tinyxmlerror.obj
c:\users\olivier\documents\github\pathogen\release\tinyxml.obj
c:\users\olivier\documents\github\pathogen\release\tinystr.obj
c:\users\olivier\documents\github\pathogen\release\timer.obj
c:\users\olivier\documents\github\pathogen\release\thread.obj
c:\users\olivier\documents\github\pathogen\release\tgaloader.obj
c:\users\olivier\documents\github\pathogen\release\stdafx.obj
c:\users\olivier\documents\github\pathogen\release\spawnpool.obj
c:\users\olivier\documents\github\pathogen\release\spawnline.obj
c:\users\olivier\documents\github\pathogen\release\soundsource.obj
c:\users\olivier\documents\github\pathogen\release\soundengine.obj
c:\users\olivier\documents\github\pathogen\release\shadersinc.obj
c:\users\olivier\documents\github\pathogen\release\program.obj
c:\users\olivier\documents\github\pathogen\release\shader.obj
c:\users\olivier\documents\github\pathogen\release\selfmovingphysicalcomponent.obj
c:\users\olivier\documents\github\pathogen\release\replicablegameobject.obj
c:\users\olivier\documents\github\pathogen\release\renderer.obj
c:\users\olivier\documents\github\pathogen\release\physicalengine.obj
c:\users\olivier\documents\github\pathogen\release\physicalcomponent.obj
c:\users\olivier\documents\github\pathogen\release\main.obj
c:\users\olivier\documents\github\pathogen\release\virusphysicalcomponent.obj
c:\users\olivier\documents\github\pathogen\release\virus.obj
c:\users\olivier\documents\github\pathogen\release\vbo.obj
c:\users\olivier\documents\github\pathogen\release\updaterthread.obj
c:\users\olivier\documents\github\pathogen\release\tinyxmlparser.obj
c:\users\olivier\documents\github\pathogen\release\gameoverstate.obj
c:\users\olivier\documents\github\pathogen\release\pathogen.ilk
c:\users\olivier\documents\github\pathogen\release\pathogen.exe
c:\users\olivier\documents\github\pathogen\release\pathogen.pdb
c:\users\olivier\documents\github\pathogen\release\objreader.res
c:\users\olivier\documents\github\pathogen\release\pathogen.tlog\cl.command.1.tlog
c:\users\olivier\documents\github\pathogen\release\pathogen.tlog\cl.read.1.tlog
c:\users\olivier\documents\github\pathogen\release\pathogen.tlog\cl.write.1.tlog
c:\users\olivier\documents\github\pathogen\release\pathogen.tlog\link.command.1.tlog
c:\users\olivier\documents\github\pathogen\release\pathogen.tlog\link.read.1.tlog
c:\users\olivier\documents\github\pathogen\release\pathogen.tlog\link.write.1.tlog
c:\users\olivier\documents\github\pathogen\release\pathogen.tlog\rc.command.1.tlog
c:\users\olivier\documents\github\pathogen\release\pathogen.tlog\rc.read.1.tlog
c:\users\olivier\documents\github\pathogen\release\pathogen.tlog\rc.write.1.tlog
